  CortesLopezMaricela_ProyectoFinal_CGIHC_G04.cpp
C:\Users\yeyam\Documents\8 SEMESTRE\Compu Gráfica\Teoria\ProyectoFinal\ProyectoFinal_CGIHC_CortesLopezMaricela\ProyectoFinal_CGIHC_CortesLopezMaricela\CortesLopezMaricela_ProyectoFinal_CGIHC_G04.cpp(543,24): warning C4244: 'inicializando': conversión de 'double' a 'GLfloat'; posible pérdida de datos
C:\Users\yeyam\Documents\8 SEMESTRE\Compu Gráfica\Teoria\ProyectoFinal\ProyectoFinal_CGIHC_CortesLopezMaricela\ProyectoFinal_CGIHC_CortesLopezMaricela\CortesLopezMaricela_ProyectoFinal_CGIHC_G04.cpp(1160,11): warning C4244: '=': conversión de 'double' a 'GLfloat'; posible pérdida de datos
C:\Users\yeyam\Documents\8 SEMESTRE\Compu Gráfica\Teoria\ProyectoFinal\ProyectoFinal_CGIHC_CortesLopezMaricela\ProyectoFinal_CGIHC_CortesLopezMaricela\CortesLopezMaricela_ProyectoFinal_CGIHC_G04.cpp(1161,11): warning C4244: '=': conversión de 'double' a 'GLfloat'; posible pérdida de datos
C:\Users\yeyam\Documents\8 SEMESTRE\Compu Gráfica\Teoria\ProyectoFinal\ProyectoFinal_CGIHC_CortesLopezMaricela\ProyectoFinal_CGIHC_CortesLopezMaricela\CortesLopezMaricela_ProyectoFinal_CGIHC_G04.cpp(1165,18): warning C4244: 'inicializando': conversión de 'double' a 'GLfloat'; posible pérdida de datos
C:\Users\yeyam\Documents\8 SEMESTRE\Compu Gráfica\Teoria\ProyectoFinal\ProyectoFinal_CGIHC_CortesLopezMaricela\ProyectoFinal_CGIHC_CortesLopezMaricela\CortesLopezMaricela_ProyectoFinal_CGIHC_G04.cpp(1166,18): warning C4244: 'inicializando': conversión de 'double' a 'GLfloat'; posible pérdida de datos
C:\Users\yeyam\Documents\8 SEMESTRE\Compu Gráfica\Teoria\ProyectoFinal\ProyectoFinal_CGIHC_CortesLopezMaricela\ProyectoFinal_CGIHC_CortesLopezMaricela\CortesLopezMaricela_ProyectoFinal_CGIHC_G04.cpp(1168,10): warning C4244: '=': conversión de 'double' a 'GLfloat'; posible pérdida de datos
C:\Users\yeyam\Documents\8 SEMESTRE\Compu Gráfica\Teoria\ProyectoFinal\ProyectoFinal_CGIHC_CortesLopezMaricela\ProyectoFinal_CGIHC_CortesLopezMaricela\CortesLopezMaricela_ProyectoFinal_CGIHC_G04.cpp(1169,10): warning C4244: '=': conversión de 'double' a 'GLfloat'; posible pérdida de datos
soil2-debug.lib(SOIL2.obj) : warning LNK4075: se omite '/EDITANDCONTINUE' debido a la especificación '/OPT:ICF'
LINK : warning LNK4098: la biblioteca predeterminada'MSVCRTD' entra en conflicto con otras bibliotecas; use la biblioteca /NODEFAULTLIB:biblioteca
  Generando código
  7 of 650 functions ( 1.1%) were compiled, the rest were copied from previous compilation.
    0 functions were new in current compilation
    0 functions had inline decision re-evaluated but remain unchanged
  Generación de código finalizada
soil2-debug.lib(etc1_utils.obj) : warning LNK4099: no se encontró PDB 'soil2-debug.pdb' con 'soil2-debug.lib(etc1_utils.obj)' o en 'C:\Users\yeyam\Documents\8 SEMESTRE\Compu Gráfica\Teoria\ProyectoFinal\ProyectoFinal_CGIHC_CortesLopezMaricela\Release\soil2-debug.pdb'; se vinculará el objeto sin tener en cuenta información de depuración
soil2-debug.lib(image_DXT.obj) : warning LNK4099: no se encontró PDB 'soil2-debug.pdb' con 'soil2-debug.lib(image_DXT.obj)' o en 'C:\Users\yeyam\Documents\8 SEMESTRE\Compu Gráfica\Teoria\ProyectoFinal\ProyectoFinal_CGIHC_CortesLopezMaricela\Release\soil2-debug.pdb'; se vinculará el objeto sin tener en cuenta información de depuración
soil2-debug.lib(image_helper.obj) : warning LNK4099: no se encontró PDB 'soil2-debug.pdb' con 'soil2-debug.lib(image_helper.obj)' o en 'C:\Users\yeyam\Documents\8 SEMESTRE\Compu Gráfica\Teoria\ProyectoFinal\ProyectoFinal_CGIHC_CortesLopezMaricela\Release\soil2-debug.pdb'; se vinculará el objeto sin tener en cuenta información de depuración
soil2-debug.lib(SOIL2.obj) : warning LNK4099: no se encontró PDB 'soil2-debug.pdb' con 'soil2-debug.lib(SOIL2.obj)' o en 'C:\Users\yeyam\Documents\8 SEMESTRE\Compu Gráfica\Teoria\ProyectoFinal\ProyectoFinal_CGIHC_CortesLopezMaricela\Release\soil2-debug.pdb'; se vinculará el objeto sin tener en cuenta información de depuración
  ProyectoFinal_CGIHC_CortesLopezMaricela.vcxproj -> C:\Users\yeyam\Documents\8 SEMESTRE\Compu Gráfica\Teoria\ProyectoFinal\ProyectoFinal_CGIHC_CortesLopezMaricela\Release\ProyectoFinal_CGIHC_CortesLopezMaricela.exe
